This is pdfTeXk, Version 3.141592-1.40.3 (Web2C 7.5.6) (format=pdflatex 2009.2.27)  9 APR 2009 14:30
entering extended mode
 file:line:error style messages enabled.
**PsySound3-UserManual.tex
(./PsySound3-UserManual.tex
LaTeX2e <2005/12/01>
Babel <v3.8h> and hyphenation patterns for english, usenglishmax, dumylang, noh
yphenation, arabic, basque, bulgarian, coptic, welsh, czech, slovak, german, ng
erman, danish, esperanto, spanish, catalan, galician, estonian, farsi, finnish,
 french, greek, monogreek, ancientgreek, croatian, hungarian, interlingua, ibyc
us, indonesian, icelandic, italian, latin, mongolian, dutch, norsk, polish, por
tuguese, pinyin, romanian, russian, slovenian, uppersorbian, serbian, swedish, 
turkish, ukenglish, ukrainian, loaded.
(/Users/sfer9710/Library/texmf/tex/latex/base/article.cls
Document Class: article 2004/02/16 v1.4f Standard LaTeX document class
(/Users/sfer9710/Library/texmf/tex/latex/base/size10.clo
File: size10.clo 2001/04/21 v1.4e Standard LaTeX file (size option)
)
\c@part=\count79
\c@section=\count80
\c@subsection=\count81
\c@subsubsection=\count82
\c@paragraph=\count83
\c@subparagraph=\count84
\c@figure=\count85
\c@table=\count86
\abovecaptionskip=\skip41
\belowcaptionskip=\skip42
\bibindent=\dimen102
)
(/Users/sfer9710/Library/texmf/tex/latex/psnfss/helvet.sty
Package: helvet 2005/04/12 PSNFSS-v9.2a (WaS) 

(/Users/sfer9710/Library/texmf/tex/latex/graphics/keyval.sty
Package: keyval 1999/03/16 v1.13 key=value parser (DPC)
\KV@toks@=\toks14
))
(/Users/sfer9710/Library/texmf/tex/latex/psnfss/palatino.sty
Package: palatino 2005/04/12 PSNFSS-v9.2a (SPQR) 
)
(/Users/sfer9710/Library/texmf/tex/latex/geometry/geometry.sty
Package: geometry 2002/07/08 v3.2 Page Geometry
\Gm@cnth=\count87
\Gm@cntv=\count88
\c@Gm@tempcnt=\count89
\Gm@bindingoffset=\dimen103
\Gm@wd@mp=\dimen104
\Gm@odd@mp=\dimen105
\Gm@even@mp=\dimen106
\Gm@dimlist=\toks15

(/Users/sfer9710/Library/texmf/tex/latex/geometry/geometry.cfg))
(/Users/sfer9710/Library/texmf/tex/latex/graphics/graphicx.sty
Package: graphicx 1999/02/16 v1.0f Enhanced LaTeX Graphics (DPC,SPQR)

(/Users/sfer9710/Library/texmf/tex/latex/graphics/graphics.sty
Package: graphics 2001/07/07 v1.0n Standard LaTeX Graphics (DPC,SPQR)

(/Users/sfer9710/Library/texmf/tex/latex/graphics/trig.sty
Package: trig 1999/03/16 v1.09 sin cos tan (DPC)
)
(/Users/sfer9710/Library/texmf/tex/latex/texlive/graphics.cfg
File: graphics.cfg 2001/08/31 v1.1 graphics configuration of teTeX/TeXLive
)
Package graphics Info: Driver file: pdftex.def on input line 80.

(/Users/sfer9710/Library/texmf/tex/latex/pdftexdef/pdftex.def
File: pdftex.def 2002/06/19 v0.03k graphics/color for pdftex
\Gread@gobject=\count90
))
\Gin@req@height=\dimen107
\Gin@req@width=\dimen108
)
(/Users/sfer9710/Library/texmf/tex/latex/titlesec/titlesec.sty
Package: titlesec 2002/04/07 v2.5 Sectioning titles
\ttl@box=\box26
\beforetitleunit=\skip43
\aftertitleunit=\skip44
\ttl@plus=\dimen109
\ttl@minus=\dimen110
\titlewidth=\dimen111
\titlewidthlast=\dimen112
\titlewidthfirst=\dimen113
)
(/Users/sfer9710/Library/texmf/tex/latex/wrapfig.sty
\wrapoverhang=\dimen114
\WF@size=\dimen115
\c@WF@wrappedlines=\count91
\WF@box=\box27
\WF@everypar=\toks16
Package: wrapfig 2003/01/31  v 3.6
)
LaTeX Font Info:    Try loading font information for OT1+phv on input line 3.

(/Users/sfer9710/Library/texmf/tex/latex/psnfss/lw35nfss/tex/latex/psnfss/ot1ph
v.fd
File: ot1phv.fd 2001/06/04 scalable font definitions for OT1/phv.
) (./PsySound3-UserManual.aux)
\openout1 = `PsySound3-UserManual.aux'.

LaTeX Font Info:    Checking defaults for OML/cmm/m/it on input line 7.
LaTeX Font Info:    ... okay on input line 7.
LaTeX Font Info:    Checking defaults for T1/cmr/m/n on input line 7.
LaTeX Font Info:    ... okay on input line 7.
LaTeX Font Info:    Checking defaults for OT1/cmr/m/n on input line 7.
LaTeX Font Info:    ... okay on input line 7.
LaTeX Font Info:    Checking defaults for OMS/cmsy/m/n on input line 7.
LaTeX Font Info:    ... okay on input line 7.
LaTeX Font Info:    Checking defaults for OMX/cmex/m/n on input line 7.
LaTeX Font Info:    ... okay on input line 7.
LaTeX Font Info:    Checking defaults for U/cmr/m/n on input line 7.
LaTeX Font Info:    ... okay on input line 7.
LaTeX Font Info:    Try loading font information for OT1+ppl on input line 7.

(/Users/sfer9710/Library/texmf/tex/latex/psnfss/lw35nfss/tex/latex/psnfss/ot1pp
l.fd
File: ot1ppl.fd 2001/06/04 font definitions for OT1/ppl.
)
-------------------- Geometry parameters
paper: class default
landscape: --
twocolumn: --
twoside: --
asymmetric: --
h-parts: 92.14519pt, 0.7\paperwidth , 92.14519pt (default)
v-parts: 95.39737pt, 0.7\paperheight , 143.09605pt (default)
hmarginratio: 1:1
vmarginratio: 2:3
lines: --
heightrounded: --
bindingoffset: 0.0pt
truedimen: --
includehead: --
includefoot: --
includemp: --
driver: pdftex
-------------------- Page layout dimensions and switches
\paperwidth  614.295pt
\paperheight 794.96999pt
\textwidth  430.00462pt
\textheight 556.47656pt
\oddsidemargin  19.8752pt
\evensidemargin 19.8752pt
\topmargin  -13.87262pt
\headheight 12.0pt
\headsep    25.0pt
\footskip   30.0pt
\marginparwidth 65.0pt
\marginparsep   11.0pt
\columnsep  10.0pt
\skip\footins  9.0pt plus 4.0pt minus 2.0pt
\hoffset 0.0pt
\voffset 0.0pt
\mag 1000

(1in=72.27pt, 1cm=28.45pt)
-----------------------
 (/usr/local/gwTeX/texmf.texlive/tex/context/base/supp-pdf.tex
[Loading MPS to PDF converter (version 2006.09.02).]
\scratchcounter=\count92
\scratchdimen=\dimen116
\scratchbox=\box28
\nofMPsegments=\count93
\nofMParguments=\count94
\MPscratchCnt=\count95
\MPscratchDim=\dimen117
\MPnumerator=\count96
\everyMPtoPDFconversion=\toks17
)
LaTeX Font Info:    External font `cmex10' loaded for size
(Font)              <12> on input line 9.
LaTeX Font Info:    External font `cmex10' loaded for size
(Font)              <8> on input line 9.
LaTeX Font Info:    External font `cmex10' loaded for size
(Font)              <6> on input line 9.
LaTeX Font Info:    Font shape `OT1/ppl/bx/n' in size <14.4> not available
(Font)              Font shape `OT1/ppl/b/n' tried instead on input line 10.
 (./PsySound3-UserManual.toc
LaTeX Font Info:    Font shape `OT1/ppl/bx/n' in size <10> not available
(Font)              Font shape `OT1/ppl/b/n' tried instead on input line 1.
LaTeX Font Info:    External font `cmex10' loaded for size
(Font)              <7> on input line 2.
LaTeX Font Info:    External font `cmex10' loaded for size
(Font)              <5> on input line 2.
)
\tf@toc=\write3
\openout3 = `PsySound3-UserManual.toc'.

 [1

{/usr/local/gwTeX/texmf.local/fonts/map/pdftex/updmap/pdftex.map}]
LaTeX Font Info:    Try loading font information for OMS+ppl on input line 17.

(/Users/sfer9710/Library/texmf/tex/latex/psnfss/lw35nfss/tex/latex/psnfss/omspp
l.fd
File: omsppl.fd 
)
LaTeX Font Info:    Font shape `OMS/ppl/m/n' in size <10> not available
(Font)              Font shape `OMS/cmsy/m/n' tried instead on input line 17.
LaTeX Font Info:    Font shape `OT1/ppl/bx/n' in size <12> not available
(Font)              Font shape `OT1/ppl/b/n' tried instead on input line 24.
LaTeX Font Info:    Try loading font information for OT1+pcr on input line 44.

(/Users/sfer9710/Library/texmf/tex/latex/psnfss/lw35nfss/tex/latex/psnfss/ot1pc
r.fd
File: ot1pcr.fd 2001/06/04 font definitions for OT1/pcr.
) [2] [3] <Step1-AddingFiles.jpg, id=15, 987.69pt x 624.3325pt>
File: Step1-AddingFiles.jpg Graphic file (type jpg)

<use Step1-AddingFiles.jpg> [4

 <./Step1-AddingFiles.jpg>]
<Step2-ChoosingMethod.jpg, id=19, 381.425pt x 128.48pt>
File: Step2-ChoosingMethod.jpg Graphic file (type jpg)

<use Step2-ChoosingMethod.jpg>
<Step2-SupplyLevel.jpg, id=20, 989.6975pt x 625.33624pt>
File: Step2-SupplyLevel.jpg Graphic file (type jpg)

<use Step2-SupplyLevel.jpg> [5 <./Step2-ChoosingMethod.jpg> <./Step2-SupplyLeve
l.jpg>] <Step2-StandardiseTo70.jpg, id=24, 987.69pt x 624.3325pt>
File: Step2-StandardiseTo70.jpg Graphic file (type jpg)

<use Step2-StandardiseTo70.jpg>
<Step3-ChooseAnalyser.jpg, id=25, 987.69pt x 624.3325pt>
File: Step3-ChooseAnalyser.jpg Graphic file (type jpg)

<use Step3-ChooseAnalyser.jpg> [6 <./Step2-StandardiseTo70.jpg>]
<Step3-TimeEstimate.jpg, id=29, 987.69pt x 624.3325pt>
File: Step3-TimeEstimate.jpg Graphic file (type jpg)

<use Step3-TimeEstimate.jpg> [7 <./Step3-ChooseAnalyser.jpg> <./Step3-TimeEstim
ate.jpg>] <Step4-NodeOpen.jpg, id=34, 987.69pt x 624.3325pt>
File: Step4-NodeOpen.jpg Graphic file (type jpg)

<use Step4-NodeOpen.jpg> [8 <./Step4-NodeOpen.jpg>] [9

]
<AudioAnalysersDiagram.pdf, id=41, 600.2425pt x 377.41pt>
File: AudioAnalysersDiagram.pdf Graphic file (type pdf)

<use AudioAnalysersDiagram.pdf> [10

] [11 <./AudioAnalysersDiagram.pdf>]
Overfull \hbox (7.93198pt too wide) in paragraph at lines 272--273
[]\OT1/ppl/m/n/10 To work out how many win-dows there will be for this par-tic-
u-lar file use \OT1/pcr/m/n/10 getNumWindows(obj)\OT1/ppl/m/n/10 .
 []

[12]
Overfull \hbox (2.58138pt too wide) in paragraph at lines 332--333
[]\OT1/ppl/m/n/10 Fundamentally we need to get the data from the dataBuffer and
 cre-ate a dataOb-ject that matches
 []

[13] [14

]
./PsySound3-UserManual.tex:423: Undefined control sequence.
l.423 \textt
            {dataObj = getDataObjectFromTreeNode(obj, nodes(1))}
The control sequence at the end of the top line
of your error message was never \def'ed. If you have
misspelled it (e.g., `\hobx'), type `I' and the correct
spelling (e.g., `I\hbox'). Otherwise just continue,
and I'll forget about whatever was undefined.

[15] [16] (./PsySound3-UserManual.aux) ) 
Here is how much of TeX's memory you used:
 1701 strings out of 94073
 23422 string characters out of 1163499
 2069778 words of memory out of 4520974
 4978 multiletter control sequences out of 10000+50000
 15262 words of font info for 41 fonts, out of 2000000 for 2000
 645 hyphenation exceptions out of 5000
 25i,6n,28p,752b,209s stack positions out of 5000i,500n,6000p,200000b,50000s
{/usr/local/gwTeX/texmf.texlive/fonts/e
nc/dvips/base/8r.enc}</usr/local/gwTeX/texmf.texlive/fonts/type1/bluesky/cm/cms
y10.pfb></usr/local/gwTeX/texmf.texlive/fonts/type1/urw/courier/ucrr8a.pfb></us
r/local/gwTeX/texmf.texlive/fonts/type1/urw/palatino/uplb8a.pfb></usr/local/gwT
eX/texmf.texlive/fonts/type1/urw/palatino/uplr8a.pfb></usr/local/gwTeX/texmf.te
xlive/fonts/type1/urw/palatino/uplri8a.pfb>
Output written on PsySound3-UserManual.pdf (16 pages, 897750 bytes).
PDF statistics:
 116 PDF objects out of 1000 (max. 8388607)
 0 named destinations out of 1000 (max. 131072)
 41 words of extra memory for PDF output out of 10000 (max. 10000000)

